# JRE version: Java(TM) SE Runtime Environment (19.0+36) (build 19+36-2238)
# Java VM: Java HotSpot(TM) 64-Bit Server VM (19+36-2238, mixed mode, emulated-client, sharing, tiered, compressed oops, compressed class ptrs, g1 gc, windows-amd64)
GC Precious Log:
 CardTable entry size: 512
 Card Set container configuration: InlinePtr #cards 5 size 8 Array Of Cards #cards 12 size 40 Howl #buckets 4 coarsen threshold 1843 Howl Bitmap #cards 512 size 80 coarsen threshold 460 Card regions per heap region 1 cards per card region 2048
 CPUs: 8 total, 8 available
 Memory: 8037M
 Large Page Support: Disabled
 NUMA Support: Disabled
 Compressed Oops: Enabled (32-bit)
 Heap Region Size: 1M
 Heap Min Capacity: 8M
 Heap Initial Capacity: 126M
 Heap Max Capacity: 2010M
 Pre-touch: Disabled
 Parallel Workers: 8
 Concurrent Workers: 2
 Concurrent Refinement Workers: 8
 Periodic GC: Disabled
Heap:
 garbage-first heap   total 68608K, used 25414K [0x0000000082600000, 0x0000000100000000)
  region size 1024K, 4 young (4096K), 1 survivors (1024K)
 Metaspace       used 48834K, committed 49280K, reserved 1114112K
  class space    used 6425K, committed 6656K, reserved 1048576K
GC Heap History (20 events):
Event: 2.279 GC heap before
{Heap before GC invocations=4 (full 0):
 garbage-first heap   total 55296K, used 43961K [0x0000000082600000, 0x0000000100000000)
  region size 1024K, 36 young (36864K), 6 survivors (6144K)
 Metaspace       used 24670K, committed 25088K, reserved 1114112K
  class space    used 3213K, committed 3392K, reserved 1048576K
}
Event: 2.291 GC heap after
{Heap after GC invocations=5 (full 0):
 garbage-first heap   total 55296K, used 15409K [0x0000000082600000, 0x0000000100000000)
  region size 1024K, 3 young (3072K), 3 survivors (3072K)
 Metaspace       used 24670K, committed 25088K, reserved 1114112K
  class space    used 3213K, committed 3392K, reserved 1048576K
}
Event: 2.304 GC heap before
{Heap before GC invocations=5 (full 0):
 garbage-first heap   total 55296K, used 16433K [0x0000000082600000, 0x0000000100000000)
  region size 1024K, 4 young (4096K), 3 survivors (3072K)
 Metaspace       used 24714K, committed 25152K, reserved 1114112K
  class space    used 3220K, committed 3392K, reserved 1048576K
}
Event: 2.309 GC heap after
{Heap after GC invocations=6 (full 0):
 garbage-first heap   total 55296K, used 15949K [0x0000000082600000, 0x0000000100000000)
  region size 1024K, 1 young (1024K), 1 survivors (1024K)
 Metaspace       used 24714K, committed 25152K, reserved 1114112K
  class space    used 3220K, committed 3392K, reserved 1048576K
}
Event: 2.605 GC heap before
{Heap before GC invocations=6 (full 0):
 garbage-first heap   total 55296K, used 36429K [0x0000000082600000, 0x0000000100000000)
  region size 1024K, 22 young (22528K), 1 survivors (1024K)
 Metaspace       used 30512K, committed 30976K, reserved 1114112K
  class space    used 3801K, committed 4032K, reserved 1048576K
}
Event: 2.607 GC heap after
{Heap after GC invocations=7 (full 0):
 garbage-first heap   total 110592K, used 17282K [0x0000000082600000, 0x0000000100000000)
  region size 1024K, 2 young (2048K), 2 survivors (2048K)
 Metaspace       used 30512K, committed 30976K, reserved 1114112K
  class space    used 3801K, committed 4032K, reserved 1048576K
}
Event: 2.905 GC heap before
{Heap before GC invocations=7 (full 0):
 garbage-first heap   total 110592K, used 34690K [0x0000000082600000, 0x0000000100000000)
  region size 1024K, 20 young (20480K), 2 survivors (2048K)
 Metaspace       used 35519K, committed 35968K, reserved 1114112K
  class space    used 4599K, committed 4864K, reserved 1048576K
}
Event: 2.908 GC heap after
{Heap after GC invocations=8 (full 0):
 garbage-first heap   total 110592K, used 18170K [0x0000000082600000, 0x0000000100000000)
  region size 1024K, 3 young (3072K), 3 survivors (3072K)
 Metaspace       used 35519K, committed 35968K, reserved 1114112K
  class space    used 4599K, committed 4864K, reserved 1048576K
}
Event: 3.418 GC heap before
{Heap before GC invocations=9 (full 0):
 garbage-first heap   total 68608K, used 56058K [0x0000000082600000, 0x0000000100000000)
  region size 1024K, 40 young (40960K), 3 survivors (3072K)
 Metaspace       used 43254K, committed 43712K, reserved 1114112K
  class space    used 5727K, committed 5952K, reserved 1048576K
}
Event: 3.423 GC heap after
{Heap after GC invocations=10 (full 0):
 garbage-first heap   total 68608K, used 20708K [0x0000000082600000, 0x0000000100000000)
  region size 1024K, 4 young (4096K), 4 survivors (4096K)
 Metaspace       used 43254K, committed 43712K, reserved 1114112K
  class space    used 5727K, committed 5952K, reserved 1048576K
}
Event: 3.436 GC heap before
{Heap before GC invocations=10 (full 0):
 garbage-first heap   total 68608K, used 21732K [0x0000000082600000, 0x0000000100000000)
  region size 1024K, 5 young (5120K), 4 survivors (4096K)
 Metaspace       used 43515K, committed 43968K, reserved 1114112K
  class space    used 5761K, committed 6016K, reserved 1048576K
}
Event: 3.439 GC heap after
{Heap after GC invocations=11 (full 0):
 garbage-first heap   total 68608K, used 20809K [0x0000000082600000, 0x0000000100000000)
  region size 1024K, 1 young (1024K), 1 survivors (1024K)
 Metaspace       used 43515K, committed 43968K, reserved 1114112K
  class space    used 5761K, committed 6016K, reserved 1048576K
}
Event: 5.053 GC heap before
{Heap before GC invocations=11 (full 0):
 garbage-first heap   total 68608K, used 51529K [0x0000000082600000, 0x0000000100000000)
  region size 1024K, 31 young (31744K), 1 survivors (1024K)
 Metaspace       used 46496K, committed 47040K, reserved 1114112K
  class space    used 6174K, committed 6464K, reserved 1048576K
}
Event: 5.057 GC heap after
{Heap after GC invocations=12 (full 0):
 garbage-first heap   total 68608K, used 23338K [0x0000000082600000, 0x0000000100000000)
  region size 1024K, 4 young (4096K), 4 survivors (4096K)
 Metaspace       used 46496K, committed 47040K, reserved 1114112K
  class space    used 6174K, committed 6464K, reserved 1048576K
}
Event: 14.171 GC heap before
{Heap before GC invocations=12 (full 0):
 garbage-first heap   total 68608K, used 50986K [0x0000000082600000, 0x0000000100000000)
  region size 1024K, 31 young (31744K), 4 survivors (4096K)
 Metaspace       used 46532K, committed 47104K, reserved 1114112K
  class space    used 6181K, committed 6464K, reserved 1048576K
}
Event: 14.174 GC heap after
{Heap after GC invocations=13 (full 0):
 garbage-first heap   total 68608K, used 23326K [0x0000000082600000, 0x0000000100000000)
  region size 1024K, 1 young (1024K), 1 survivors (1024K)
 Metaspace       used 46532K, committed 47104K, reserved 1114112K
  class space    used 6181K, committed 6464K, reserved 1048576K
}
Event: 26.298 GC heap before
{Heap before GC invocations=13 (full 0):
 garbage-first heap   total 68608K, used 53022K [0x0000000082600000, 0x0000000100000000)
  region size 1024K, 30 young (30720K), 1 survivors (1024K)
 Metaspace       used 46534K, committed 47104K, reserved 1114112K
  class space    used 6181K, committed 6464K, reserved 1048576K
}
Event: 26.299 GC heap after
{Heap after GC invocations=14 (full 0):
 garbage-first heap   total 68608K, used 23364K [0x0000000082600000, 0x0000000100000000)
  region size 1024K, 1 young (1024K), 1 survivors (1024K)
 Metaspace       used 46534K, committed 47104K, reserved 1114112K
  class space    used 6181K, committed 6464K, reserved 1048576K
}
Event: 37.049 GC heap before
{Heap before GC invocations=14 (full 0):
 garbage-first heap   total 68608K, used 54084K [0x0000000082600000, 0x0000000100000000)
  region size 1024K, 31 young (31744K), 1 survivors (1024K)
 Metaspace       used 48123K, committed 48576K, reserved 1114112K
  class space    used 6354K, committed 6592K, reserved 1048576K
}
Event: 37.052 GC heap after
{Heap after GC invocations=15 (full 0):
 garbage-first heap   total 68608K, used 23366K [0x0000000082600000, 0x0000000100000000)
  region size 1024K, 1 young (1024K), 1 survivors (1024K)
 Metaspace       used 48123K, committed 48576K, reserved 1114112K
  class space    used 6354K, committed 6592K, reserved 1048576K
}

